<?xml version="1.0" encoding="UTF-8"?>
<!-- Generated by org.testng.reporters.JUnitXMLReporter -->
<testsuite hostname="DESKTOP-6FF9JGR" ignored="0" name="Default test" tests="10" failures="0" timestamp="02 Sep 2019 20:49:23 GMT" time="135.203" errors="0">
  <testcase name="verifyRegisterPageTitleTest" time="1.562" classname="com.NewTours.WebPageTest.RegisterPageTest"/>
  <testcase name="newRegisterTest" time="5.633" classname="com.NewTours.WebPageTest.RegisterPageTest"/>
  <testcase name="newRegisterTest" time="8.058" classname="com.NewTours.WebPageTest.RegisterPageTest"/>
  <testcase name="newRegisterTest" time="6.619" classname="com.NewTours.WebPageTest.RegisterPageTest"/>
  <testcase name="newRegisterTest" time="6.259" classname="com.NewTours.WebPageTest.RegisterPageTest"/>
  <testcase name="newRegisterTest" time="5.716" classname="com.NewTours.WebPageTest.RegisterPageTest"/>
  <testcase name="newRegisterTest" time="5.527" classname="com.NewTours.WebPageTest.RegisterPageTest"/>
  <testcase name="newRegisterTest" time="6.06" classname="com.NewTours.WebPageTest.RegisterPageTest"/>
  <testcase name="newRegisterTest" time="6.123" classname="com.NewTours.WebPageTest.RegisterPageTest"/>
  <testcase name="newRegisterTest" time="5.946" classname="com.NewTours.WebPageTest.RegisterPageTest"/>
</testsuite> <!-- Default test -->
