<?xml version="1.0" encoding="UTF-8"?>
<testng-results skipped="0" failed="0" ignored="0" total="10" passed="10">
  <reporter-output>
  </reporter-output>
  <suite name="Default suite" duration-ms="135203" started-at="2019-09-02T20:47:08Z" finished-at="2019-09-02T20:49:23Z">
    <groups>
    </groups>
    <test name="Default test" duration-ms="135203" started-at="2019-09-02T20:47:08Z" finished-at="2019-09-02T20:49:23Z">
      <class name="com.NewTours.WebPageTest.RegisterPageTest">
        <test-method status="PASS" signature="setUp()[pri:0, instance:com.NewTours.WebPageTest.RegisterPageTest@28d25987]" name="setUp" is-config="true" duration-ms="11240" started-at="2019-09-02T20:47:08Z" finished-at="2019-09-02T20:47:19Z">
          <reporter-output>
          </reporter-output>
        </test-method> <!-- setUp -->
        <test-method status="PASS" signature="verifyRegisterPageTitleTest()[pri:1, instance:com.NewTours.WebPageTest.RegisterPageTest@28d25987]" name="verifyRegisterPageTitleTest" duration-ms="1562" started-at="2019-09-02T20:47:19Z" finished-at="2019-09-02T20:47:20Z">
          <reporter-output>
          </reporter-output>
        </test-method> <!-- verifyRegisterPageTitleTest -->
        <test-method status="PASS" signature="tearDown()[pri:0, instance:com.NewTours.WebPageTest.RegisterPageTest@28d25987]" name="tearDown" is-config="true" duration-ms="51" started-at="2019-09-02T20:47:20Z" finished-at="2019-09-02T20:47:20Z">
          <reporter-output>
          </reporter-output>
        </test-method> <!-- tearDown -->
        <test-method status="PASS" signature="setUp()[pri:0, instance:com.NewTours.WebPageTest.RegisterPageTest@28d25987]" name="setUp" is-config="true" duration-ms="6260" started-at="2019-09-02T20:47:22Z" finished-at="2019-09-02T20:47:28Z">
          <reporter-output>
          </reporter-output>
        </test-method> <!-- setUp -->
        <test-method status="PASS" signature="newRegisterTest(java.lang.String, java.lang.String, java.lang.String, java.lang.String, java.lang.String, java.lang.String, java.lang.String, java.lang.String, java.lang.String, java.lang.String, java.lang.String, java.lang.String, java.lang.String)[pri:2, instance:com.NewTours.WebPageTest.RegisterPageTest@28d25987]" name="newRegisterTest" duration-ms="5633" started-at="2019-09-02T20:47:28Z" data-provider="registerTestData" finished-at="2019-09-02T20:47:34Z">
          <params>
            <param index="0">
              <value>
                <![CDATA[Ram]]>
              </value>
            </param>
            <param index="1">
              <value>
                <![CDATA[Aite]]>
              </value>
            </param>
            <param index="2">
              <value>
                <![CDATA[1234567980]]>
              </value>
            </param>
            <param index="3">
              <value>
                <![CDATA[Ram]]>
              </value>
            </param>
            <param index="4">
              <value>
                <![CDATA[Pune]]>
              </value>
            </param>
            <param index="5">
              <value>
                <![CDATA[Pune1]]>
              </value>
            </param>
            <param index="6">
              <value>
                <![CDATA[Pune]]>
              </value>
            </param>
            <param index="7">
              <value>
                <![CDATA[Maharashtra]]>
              </value>
            </param>
            <param index="8">
              <value>
                <![CDATA[112]]>
              </value>
            </param>
            <param index="9">
              <value>
                <![CDATA[India]]>
              </value>
            </param>
            <param index="10">
              <value>
                <![CDATA[ram@gmail.com]]>
              </value>
            </param>
            <param index="11">
              <value>
                <![CDATA[12345]]>
              </value>
            </param>
            <param index="12">
              <value>
                <![CDATA[12345]]>
              </value>
            </param>
          </params>
          <reporter-output>
          </reporter-output>
        </test-method> <!-- newRegisterTest -->
        <test-method status="PASS" signature="tearDown()[pri:0, instance:com.NewTours.WebPageTest.RegisterPageTest@28d25987]" name="tearDown" is-config="true" duration-ms="51" started-at="2019-09-02T20:47:34Z" finished-at="2019-09-02T20:47:34Z">
          <reporter-output>
          </reporter-output>
        </test-method> <!-- tearDown -->
        <test-method status="PASS" signature="setUp()[pri:0, instance:com.NewTours.WebPageTest.RegisterPageTest@28d25987]" name="setUp" is-config="true" duration-ms="5478" started-at="2019-09-02T20:47:34Z" finished-at="2019-09-02T20:47:39Z">
          <reporter-output>
          </reporter-output>
        </test-method> <!-- setUp -->
        <test-method status="PASS" signature="newRegisterTest(java.lang.String, java.lang.String, java.lang.String, java.lang.String, java.lang.String, java.lang.String, java.lang.String, java.lang.String, java.lang.String, java.lang.String, java.lang.String, java.lang.String, java.lang.String)[pri:2, instance:com.NewTours.WebPageTest.RegisterPageTest@28d25987]" name="newRegisterTest" duration-ms="8058" started-at="2019-09-02T20:47:39Z" data-provider="registerTestData" finished-at="2019-09-02T20:47:47Z">
          <params>
            <param index="0">
              <value>
                <![CDATA[Shyam]]>
              </value>
            </param>
            <param index="1">
              <value>
                <![CDATA[Bite]]>
              </value>
            </param>
            <param index="2">
              <value>
                <![CDATA[1234567980]]>
              </value>
            </param>
            <param index="3">
              <value>
                <![CDATA[Shyam]]>
              </value>
            </param>
            <param index="4">
              <value>
                <![CDATA[Mumbai]]>
              </value>
            </param>
            <param index="5">
              <value>
                <![CDATA[Mumbai2]]>
              </value>
            </param>
            <param index="6">
              <value>
                <![CDATA[Mumbai]]>
              </value>
            </param>
            <param index="7">
              <value>
                <![CDATA[Maharashtra]]>
              </value>
            </param>
            <param index="8">
              <value>
                <![CDATA[113]]>
              </value>
            </param>
            <param index="9">
              <value>
                <![CDATA[India]]>
              </value>
            </param>
            <param index="10">
              <value>
                <![CDATA[Shyam@gmail.com]]>
              </value>
            </param>
            <param index="11">
              <value>
                <![CDATA[12345]]>
              </value>
            </param>
            <param index="12">
              <value>
                <![CDATA[12345]]>
              </value>
            </param>
          </params>
          <reporter-output>
          </reporter-output>
        </test-method> <!-- newRegisterTest -->
        <test-method status="PASS" signature="tearDown()[pri:0, instance:com.NewTours.WebPageTest.RegisterPageTest@28d25987]" name="tearDown" is-config="true" duration-ms="61" started-at="2019-09-02T20:47:47Z" finished-at="2019-09-02T20:47:47Z">
          <reporter-output>
          </reporter-output>
        </test-method> <!-- tearDown -->
        <test-method status="PASS" signature="setUp()[pri:0, instance:com.NewTours.WebPageTest.RegisterPageTest@28d25987]" name="setUp" is-config="true" duration-ms="7396" started-at="2019-09-02T20:47:47Z" finished-at="2019-09-02T20:47:55Z">
          <reporter-output>
          </reporter-output>
        </test-method> <!-- setUp -->
        <test-method status="PASS" signature="newRegisterTest(java.lang.String, java.lang.String, java.lang.String, java.lang.String, java.lang.String, java.lang.String, java.lang.String, java.lang.String, java.lang.String, java.lang.String, java.lang.String, java.lang.String, java.lang.String)[pri:2, instance:com.NewTours.WebPageTest.RegisterPageTest@28d25987]" name="newRegisterTest" duration-ms="6619" started-at="2019-09-02T20:47:55Z" data-provider="registerTestData" finished-at="2019-09-02T20:48:01Z">
          <params>
            <param index="0">
              <value>
                <![CDATA[Seeta]]>
              </value>
            </param>
            <param index="1">
              <value>
                <![CDATA[Cite]]>
              </value>
            </param>
            <param index="2">
              <value>
                <![CDATA[1234567980]]>
              </value>
            </param>
            <param index="3">
              <value>
                <![CDATA[Seeta]]>
              </value>
            </param>
            <param index="4">
              <value>
                <![CDATA[Delhi]]>
              </value>
            </param>
            <param index="5">
              <value>
                <![CDATA[Delhi3]]>
              </value>
            </param>
            <param index="6">
              <value>
                <![CDATA[Delhi]]>
              </value>
            </param>
            <param index="7">
              <value>
                <![CDATA[Delhi]]>
              </value>
            </param>
            <param index="8">
              <value>
                <![CDATA[114]]>
              </value>
            </param>
            <param index="9">
              <value>
                <![CDATA[India]]>
              </value>
            </param>
            <param index="10">
              <value>
                <![CDATA[Seeta@gmail.com]]>
              </value>
            </param>
            <param index="11">
              <value>
                <![CDATA[12345]]>
              </value>
            </param>
            <param index="12">
              <value>
                <![CDATA[12345]]>
              </value>
            </param>
          </params>
          <reporter-output>
          </reporter-output>
        </test-method> <!-- newRegisterTest -->
        <test-method status="PASS" signature="tearDown()[pri:0, instance:com.NewTours.WebPageTest.RegisterPageTest@28d25987]" name="tearDown" is-config="true" duration-ms="68" started-at="2019-09-02T20:48:01Z" finished-at="2019-09-02T20:48:01Z">
          <reporter-output>
          </reporter-output>
        </test-method> <!-- tearDown -->
        <test-method status="PASS" signature="setUp()[pri:0, instance:com.NewTours.WebPageTest.RegisterPageTest@28d25987]" name="setUp" is-config="true" duration-ms="7006" started-at="2019-09-02T20:48:01Z" finished-at="2019-09-02T20:48:08Z">
          <reporter-output>
          </reporter-output>
        </test-method> <!-- setUp -->
        <test-method status="PASS" signature="newRegisterTest(java.lang.String, java.lang.String, java.lang.String, java.lang.String, java.lang.String, java.lang.String, java.lang.String, java.lang.String, java.lang.String, java.lang.String, java.lang.String, java.lang.String, java.lang.String)[pri:2, instance:com.NewTours.WebPageTest.RegisterPageTest@28d25987]" name="newRegisterTest" duration-ms="6259" started-at="2019-09-02T20:48:08Z" data-provider="registerTestData" finished-at="2019-09-02T20:48:15Z">
          <params>
            <param index="0">
              <value>
                <![CDATA[Geeta]]>
              </value>
            </param>
            <param index="1">
              <value>
                <![CDATA[Dite]]>
              </value>
            </param>
            <param index="2">
              <value>
                <![CDATA[1234567980]]>
              </value>
            </param>
            <param index="3">
              <value>
                <![CDATA[Geeta]]>
              </value>
            </param>
            <param index="4">
              <value>
                <![CDATA[Hydrabad]]>
              </value>
            </param>
            <param index="5">
              <value>
                <![CDATA[Hydrabad4]]>
              </value>
            </param>
            <param index="6">
              <value>
                <![CDATA[Hydrabad]]>
              </value>
            </param>
            <param index="7">
              <value>
                <![CDATA[Telangana]]>
              </value>
            </param>
            <param index="8">
              <value>
                <![CDATA[115]]>
              </value>
            </param>
            <param index="9">
              <value>
                <![CDATA[India]]>
              </value>
            </param>
            <param index="10">
              <value>
                <![CDATA[Geeta@gmail.com]]>
              </value>
            </param>
            <param index="11">
              <value>
                <![CDATA[12345]]>
              </value>
            </param>
            <param index="12">
              <value>
                <![CDATA[12345]]>
              </value>
            </param>
          </params>
          <reporter-output>
          </reporter-output>
        </test-method> <!-- newRegisterTest -->
        <test-method status="PASS" signature="tearDown()[pri:0, instance:com.NewTours.WebPageTest.RegisterPageTest@28d25987]" name="tearDown" is-config="true" duration-ms="2145" started-at="2019-09-02T20:48:15Z" finished-at="2019-09-02T20:48:17Z">
          <reporter-output>
          </reporter-output>
        </test-method> <!-- tearDown -->
        <test-method status="PASS" signature="setUp()[pri:0, instance:com.NewTours.WebPageTest.RegisterPageTest@28d25987]" name="setUp" is-config="true" duration-ms="8331" started-at="2019-09-02T20:48:17Z" finished-at="2019-09-02T20:48:25Z">
          <reporter-output>
          </reporter-output>
        </test-method> <!-- setUp -->
        <test-method status="PASS" signature="newRegisterTest(java.lang.String, java.lang.String, java.lang.String, java.lang.String, java.lang.String, java.lang.String, java.lang.String, java.lang.String, java.lang.String, java.lang.String, java.lang.String, java.lang.String, java.lang.String)[pri:2, instance:com.NewTours.WebPageTest.RegisterPageTest@28d25987]" name="newRegisterTest" duration-ms="5716" started-at="2019-09-02T20:48:25Z" data-provider="registerTestData" finished-at="2019-09-02T20:48:31Z">
          <params>
            <param index="0">
              <value>
                <![CDATA[Ganesh]]>
              </value>
            </param>
            <param index="1">
              <value>
                <![CDATA[Eite]]>
              </value>
            </param>
            <param index="2">
              <value>
                <![CDATA[1234567980]]>
              </value>
            </param>
            <param index="3">
              <value>
                <![CDATA[Ganesh]]>
              </value>
            </param>
            <param index="4">
              <value>
                <![CDATA[Pune]]>
              </value>
            </param>
            <param index="5">
              <value>
                <![CDATA[Pune1]]>
              </value>
            </param>
            <param index="6">
              <value>
                <![CDATA[Pune]]>
              </value>
            </param>
            <param index="7">
              <value>
                <![CDATA[Maharashtra]]>
              </value>
            </param>
            <param index="8">
              <value>
                <![CDATA[116]]>
              </value>
            </param>
            <param index="9">
              <value>
                <![CDATA[India]]>
              </value>
            </param>
            <param index="10">
              <value>
                <![CDATA[ganesh@gmail.com]]>
              </value>
            </param>
            <param index="11">
              <value>
                <![CDATA[12345]]>
              </value>
            </param>
            <param index="12">
              <value>
                <![CDATA[12345]]>
              </value>
            </param>
          </params>
          <reporter-output>
          </reporter-output>
        </test-method> <!-- newRegisterTest -->
        <test-method status="PASS" signature="tearDown()[pri:0, instance:com.NewTours.WebPageTest.RegisterPageTest@28d25987]" name="tearDown" is-config="true" duration-ms="82" started-at="2019-09-02T20:48:31Z" finished-at="2019-09-02T20:48:31Z">
          <reporter-output>
          </reporter-output>
        </test-method> <!-- tearDown -->
        <test-method status="PASS" signature="setUp()[pri:0, instance:com.NewTours.WebPageTest.RegisterPageTest@28d25987]" name="setUp" is-config="true" duration-ms="6778" started-at="2019-09-02T20:48:31Z" finished-at="2019-09-02T20:48:38Z">
          <reporter-output>
          </reporter-output>
        </test-method> <!-- setUp -->
        <test-method status="PASS" signature="newRegisterTest(java.lang.String, java.lang.String, java.lang.String, java.lang.String, java.lang.String, java.lang.String, java.lang.String, java.lang.String, java.lang.String, java.lang.String, java.lang.String, java.lang.String, java.lang.String)[pri:2, instance:com.NewTours.WebPageTest.RegisterPageTest@28d25987]" name="newRegisterTest" duration-ms="5527" started-at="2019-09-02T20:48:38Z" data-provider="registerTestData" finished-at="2019-09-02T20:48:43Z">
          <params>
            <param index="0">
              <value>
                <![CDATA[Mahesh]]>
              </value>
            </param>
            <param index="1">
              <value>
                <![CDATA[Gite]]>
              </value>
            </param>
            <param index="2">
              <value>
                <![CDATA[1234567980]]>
              </value>
            </param>
            <param index="3">
              <value>
                <![CDATA[Mahesh]]>
              </value>
            </param>
            <param index="4">
              <value>
                <![CDATA[Mumbai]]>
              </value>
            </param>
            <param index="5">
              <value>
                <![CDATA[Mumbai2]]>
              </value>
            </param>
            <param index="6">
              <value>
                <![CDATA[Mumbai]]>
              </value>
            </param>
            <param index="7">
              <value>
                <![CDATA[Maharashtra]]>
              </value>
            </param>
            <param index="8">
              <value>
                <![CDATA[117]]>
              </value>
            </param>
            <param index="9">
              <value>
                <![CDATA[India]]>
              </value>
            </param>
            <param index="10">
              <value>
                <![CDATA[mahesh@gmail.com]]>
              </value>
            </param>
            <param index="11">
              <value>
                <![CDATA[12345]]>
              </value>
            </param>
            <param index="12">
              <value>
                <![CDATA[12345]]>
              </value>
            </param>
          </params>
          <reporter-output>
          </reporter-output>
        </test-method> <!-- newRegisterTest -->
        <test-method status="PASS" signature="tearDown()[pri:0, instance:com.NewTours.WebPageTest.RegisterPageTest@28d25987]" name="tearDown" is-config="true" duration-ms="170" started-at="2019-09-02T20:48:43Z" finished-at="2019-09-02T20:48:43Z">
          <reporter-output>
          </reporter-output>
        </test-method> <!-- tearDown -->
        <test-method status="PASS" signature="setUp()[pri:0, instance:com.NewTours.WebPageTest.RegisterPageTest@28d25987]" name="setUp" is-config="true" duration-ms="5967" started-at="2019-09-02T20:48:43Z" finished-at="2019-09-02T20:48:49Z">
          <reporter-output>
          </reporter-output>
        </test-method> <!-- setUp -->
        <test-method status="PASS" signature="newRegisterTest(java.lang.String, java.lang.String, java.lang.String, java.lang.String, java.lang.String, java.lang.String, java.lang.String, java.lang.String, java.lang.String, java.lang.String, java.lang.String, java.lang.String, java.lang.String)[pri:2, instance:com.NewTours.WebPageTest.RegisterPageTest@28d25987]" name="newRegisterTest" duration-ms="6060" started-at="2019-09-02T20:48:49Z" data-provider="registerTestData" finished-at="2019-09-02T20:48:55Z">
          <params>
            <param index="0">
              <value>
                <![CDATA[Ramesh]]>
              </value>
            </param>
            <param index="1">
              <value>
                <![CDATA[Fite]]>
              </value>
            </param>
            <param index="2">
              <value>
                <![CDATA[1234567980]]>
              </value>
            </param>
            <param index="3">
              <value>
                <![CDATA[Ramesh]]>
              </value>
            </param>
            <param index="4">
              <value>
                <![CDATA[Delhi]]>
              </value>
            </param>
            <param index="5">
              <value>
                <![CDATA[Delhi3]]>
              </value>
            </param>
            <param index="6">
              <value>
                <![CDATA[Delhi]]>
              </value>
            </param>
            <param index="7">
              <value>
                <![CDATA[Delhi]]>
              </value>
            </param>
            <param index="8">
              <value>
                <![CDATA[118]]>
              </value>
            </param>
            <param index="9">
              <value>
                <![CDATA[India]]>
              </value>
            </param>
            <param index="10">
              <value>
                <![CDATA[ram@gmail.com]]>
              </value>
            </param>
            <param index="11">
              <value>
                <![CDATA[12345]]>
              </value>
            </param>
            <param index="12">
              <value>
                <![CDATA[12345]]>
              </value>
            </param>
          </params>
          <reporter-output>
          </reporter-output>
        </test-method> <!-- newRegisterTest -->
        <test-method status="PASS" signature="tearDown()[pri:0, instance:com.NewTours.WebPageTest.RegisterPageTest@28d25987]" name="tearDown" is-config="true" duration-ms="152" started-at="2019-09-02T20:48:55Z" finished-at="2019-09-02T20:48:56Z">
          <reporter-output>
          </reporter-output>
        </test-method> <!-- tearDown -->
        <test-method status="PASS" signature="setUp()[pri:0, instance:com.NewTours.WebPageTest.RegisterPageTest@28d25987]" name="setUp" is-config="true" duration-ms="7920" started-at="2019-09-02T20:48:56Z" finished-at="2019-09-02T20:49:04Z">
          <reporter-output>
          </reporter-output>
        </test-method> <!-- setUp -->
        <test-method status="PASS" signature="newRegisterTest(java.lang.String, java.lang.String, java.lang.String, java.lang.String, java.lang.String, java.lang.String, java.lang.String, java.lang.String, java.lang.String, java.lang.String, java.lang.String, java.lang.String, java.lang.String)[pri:2, instance:com.NewTours.WebPageTest.RegisterPageTest@28d25987]" name="newRegisterTest" duration-ms="6123" started-at="2019-09-02T20:49:04Z" data-provider="registerTestData" finished-at="2019-09-02T20:49:10Z">
          <params>
            <param index="0">
              <value>
                <![CDATA[Gamesh]]>
              </value>
            </param>
            <param index="1">
              <value>
                <![CDATA[Hite]]>
              </value>
            </param>
            <param index="2">
              <value>
                <![CDATA[1234567980]]>
              </value>
            </param>
            <param index="3">
              <value>
                <![CDATA[Gamesh]]>
              </value>
            </param>
            <param index="4">
              <value>
                <![CDATA[Hydrabad]]>
              </value>
            </param>
            <param index="5">
              <value>
                <![CDATA[Hydrabad4]]>
              </value>
            </param>
            <param index="6">
              <value>
                <![CDATA[Hydrabad]]>
              </value>
            </param>
            <param index="7">
              <value>
                <![CDATA[Telangana]]>
              </value>
            </param>
            <param index="8">
              <value>
                <![CDATA[119]]>
              </value>
            </param>
            <param index="9">
              <value>
                <![CDATA[India]]>
              </value>
            </param>
            <param index="10">
              <value>
                <![CDATA[gamesh@gmail.com]]>
              </value>
            </param>
            <param index="11">
              <value>
                <![CDATA[12345]]>
              </value>
            </param>
            <param index="12">
              <value>
                <![CDATA[12345]]>
              </value>
            </param>
          </params>
          <reporter-output>
          </reporter-output>
        </test-method> <!-- newRegisterTest -->
        <test-method status="PASS" signature="tearDown()[pri:0, instance:com.NewTours.WebPageTest.RegisterPageTest@28d25987]" name="tearDown" is-config="true" duration-ms="176" started-at="2019-09-02T20:49:10Z" finished-at="2019-09-02T20:49:10Z">
          <reporter-output>
          </reporter-output>
        </test-method> <!-- tearDown -->
        <test-method status="PASS" signature="setUp()[pri:0, instance:com.NewTours.WebPageTest.RegisterPageTest@28d25987]" name="setUp" is-config="true" duration-ms="6897" started-at="2019-09-02T20:49:10Z" finished-at="2019-09-02T20:49:17Z">
          <reporter-output>
          </reporter-output>
        </test-method> <!-- setUp -->
        <test-method status="PASS" signature="newRegisterTest(java.lang.String, java.lang.String, java.lang.String, java.lang.String, java.lang.String, java.lang.String, java.lang.String, java.lang.String, java.lang.String, java.lang.String, java.lang.String, java.lang.String, java.lang.String)[pri:2, instance:com.NewTours.WebPageTest.RegisterPageTest@28d25987]" name="newRegisterTest" duration-ms="5946" started-at="2019-09-02T20:49:17Z" data-provider="registerTestData" finished-at="2019-09-02T20:49:23Z">
          <params>
            <param index="0">
              <value>
                <![CDATA[Hamesh]]>
              </value>
            </param>
            <param index="1">
              <value>
                <![CDATA[Ite]]>
              </value>
            </param>
            <param index="2">
              <value>
                <![CDATA[1234567980]]>
              </value>
            </param>
            <param index="3">
              <value>
                <![CDATA[Hamesh]]>
              </value>
            </param>
            <param index="4">
              <value>
                <![CDATA[Goa]]>
              </value>
            </param>
            <param index="5">
              <value>
                <![CDATA[Goa2]]>
              </value>
            </param>
            <param index="6">
              <value>
                <![CDATA[Goa]]>
              </value>
            </param>
            <param index="7">
              <value>
                <![CDATA[Goa]]>
              </value>
            </param>
            <param index="8">
              <value>
                <![CDATA[112]]>
              </value>
            </param>
            <param index="9">
              <value>
                <![CDATA[India]]>
              </value>
            </param>
            <param index="10">
              <value>
                <![CDATA[hamesh@gmail.com]]>
              </value>
            </param>
            <param index="11">
              <value>
                <![CDATA[12345]]>
              </value>
            </param>
            <param index="12">
              <value>
                <![CDATA[12345]]>
              </value>
            </param>
          </params>
          <reporter-output>
          </reporter-output>
        </test-method> <!-- newRegisterTest -->
        <test-method status="PASS" signature="tearDown()[pri:0, instance:com.NewTours.WebPageTest.RegisterPageTest@28d25987]" name="tearDown" is-config="true" duration-ms="84" started-at="2019-09-02T20:49:23Z" finished-at="2019-09-02T20:49:23Z">
          <reporter-output>
          </reporter-output>
        </test-method> <!-- tearDown -->
      </class> <!-- com.NewTours.WebPageTest.RegisterPageTest -->
    </test> <!-- Default test -->
  </suite> <!-- Default suite -->
</testng-results>
